<?xml version="1.0" encoding="UTF-8"?>
<testsuite xmlns:xsi="http://www.w3.org/2001/XMLSchema-instance" xsi:noNamespaceSchemaLocation="https://maven.apache.org/surefire/maven-surefire-plugin/xsd/surefire-test-report.xsd" name="com.nagarro.MathUtilsTest" time="0.063" tests="4" errors="0" skipped="0" failures="0">
  <properties>
[...]
</properties>
  <testcase name="testadd" classname="com.nagarro.MathUtilsTest" time="0.036"/>
  <testcase name="testsub" classname="com.nagarro.MathUtilsTest" time="0.01"/>
  <testcase name="testDivide" classname="com.nagarro.MathUtilsTest" time="0.002"/>
  <testcase name="testMultiply" classname="com.nagarro.MathUtilsTest" time="0"/>
</testsuite>